<?xml version="1.0" encoding="UTF-8"?>
<!-- Generated by org.testng.reporters.JUnitXMLReporter -->
<testsuite ignored="0" hostname="abhilashas-MacBook-Pro.local" failures="0" tests="3" name="Default test" time="42.89" errors="0" timestamp="2026-06-25T23:30:10 EDT">
  <testcase classname="org.wipro.automation.rediffmail.testcases.RegisterationScenario_DDF" name="tc02_validate_register_functionality_valid_data" time="5.48"/>
  <testcase classname="org.wipro.automation.rediffmail.testcases.RegisterationScenario_DDF" name="tc02_validate_register_functionality_valid_data" time="3.982"/>
  <testcase classname="org.wipro.automation.rediffmail.testcases.RegisterationScenario_DDF" name="tc02_validate_register_functionality_valid_data" time="5.764"/>
</testsuite> <!-- Default test -->
