<?xml version="1.0" encoding="UTF-8"?>
<!-- Generated by org.testng.reporters.JUnitXMLReporter -->
<testsuite ignored="4" hostname="abhilashas-MacBook-Pro.local" failures="2" tests="20" name="Test" time="61.808" errors="0" timestamp="2026-06-23T19:13:02 EDT">
  <testcase classname="org.web.autopractice2.testcases.BrowserOperations" name="control_browser1" time="7.09"/>
  <testcase classname="org.xyz.automation.testcases.HandleAlertsWInFrames" name="handleAlert" time="4.48"/>
  <testcase classname="org.xyz.automation.testcases.HandleAlertsWInFrames" name="handleFrames" time="2.951"/>
  <testcase classname="org.xyz.automation.testcases.HandleCalendar" name="calender_icon" time="20.944"/>
  <testcase classname="org.xyz.automation.testcases.BrowserControl" name="control_browser" time="2.734"/>
  <testcase classname="demoTestng.TestScenario1" name="six_testcase" time="0.001"/>
  <testcase classname="demoTestng.TestScenario1" name="five_testcase" time="0.001"/>
  <testcase classname="demoTestng.TestScenario1" name="fourth_testcase" time="0.001"/>
  <testcase classname="demoTestng.TestScenario1" name="first_testcase" time="0.002"/>
  <testcase classname="demoTestng.TestScenario1" name="third_testcase" time="0.002"/>
  <testcase classname="demoTestng.TestScenario1" name="second_testcase" time="0.001"/>
  <testcase classname="demoTestng.TestScenario2" name="first_testcase" time="0.004">
    <failure type="java.lang.AssertionError" message="expected [Hello Testng] but found [Hello]">
      <![CDATA[java.lang.AssertionError: expected [Hello Testng] but found [Hello]
at demoTestng.TestScenario2.first_testcase(TestScenario2.java:17)
at java.base/java.util.ArrayList.forEach(ArrayList.java:1596)
... Removed 31 stack frames]]>
    </failure>
  </testcase> <!-- first_testcase -->
  <testcase classname="demoTestng.TestScenario2" name="five_testcase" time="0.0"/>
  <testcase classname="demoTestng.TestScenario2" name="registration" time="0.003">
    <failure type="java.lang.AssertionError" message="The following asserts failed:
	expected [Hello Testng] but found [Hello]">
      <![CDATA[java.lang.AssertionError: The following asserts failed:
expected [Hello Testng] but found [Hello]
at demoTestng.TestScenario2.registration(TestScenario2.java:43)
at java.base/java.util.ArrayList.forEach(ArrayList.java:1596)
... Removed 27 stack frames]]>
    </failure>
  </testcase> <!-- registration -->
  <testcase classname="demoTestng.TestScenario2" name="login" time="0.0">
    <skipped/>
  </testcase> <!-- login -->
  <testcase classname="demoTestng.TestScenario2" name="six_testcase" time="0.0"/>
  <testcase classname="org.xyz.automation.testcases.HandleKeyboardMouse" name="handleMouse" time="9.36"/>
  <testcase classname="org.xyz.automation.testcases.WebElementsList" name="productlist" time="2.342"/>
  <testcase classname="org.xyz.automation.testcases.FirstAutomation" name="register_functionality" time="5.164"/>
  <testcase classname="org.web.autopractice2.testcases.WebElementsPractice" name="textFieldOperations" time="0.293"/>
  <testcase classname="org.xyz.automation.testcases.FirstAutomation" name="login_functionality" time="0.0">
    <ignored/>
  </testcase> <!-- login_functionality -->
  <testcase classname="org.xyz.automation.testcases.HandleKeyboardMouse" name="handleKeyboard" time="0.0">
    <ignored/>
  </testcase> <!-- handleKeyboard -->
  <testcase classname="org.xyz.automation.testcases.HandleCalendar" name="calender_textbox" time="0.0">
    <ignored/>
  </testcase> <!-- calender_textbox -->
  <testcase classname="demoTestng.TestScenario2" name="second_testcase" time="0.0">
    <ignored/>
  </testcase> <!-- second_testcase -->
</testsuite> <!-- Test -->
