<?xml version="1.0" encoding="UTF-8"?>
<!-- Generated by org.testng.reporters.JUnitXMLReporter -->
<testsuite ignored="3" hostname="abhilashas-MacBook-Pro.local" failures="2" tests="3" name="Test(failed)" time="0.032" errors="0" timestamp="2026-06-03T20:53:59 EDT">
  <testcase classname="demoTestng.TestScenario2" name="first_testcase" time="0.009">
    <failure type="java.lang.AssertionError" message="expected [Hello Testng] but found [Hello]">
      <![CDATA[java.lang.AssertionError: expected [Hello Testng] but found [Hello]
at demoTestng.TestScenario2.first_testcase(TestScenario2.java:17)
at java.base/java.util.ArrayList.forEach(ArrayList.java:1596)
... Removed 31 stack frames]]>
    </failure>
  </testcase> <!-- first_testcase -->
  <testcase classname="demoTestng.TestScenario2" name="registration" time="0.002">
    <failure type="java.lang.AssertionError" message="The following asserts failed:
	expected [Hello Testng] but found [Hello]">
      <![CDATA[java.lang.AssertionError: The following asserts failed:
expected [Hello Testng] but found [Hello]
at demoTestng.TestScenario2.registration(TestScenario2.java:43)
at java.base/java.util.ArrayList.forEach(ArrayList.java:1596)
... Removed 27 stack frames]]>
    </failure>
  </testcase> <!-- registration -->
  <testcase classname="demoTestng.TestScenario2" name="login" time="0.0">
    <skipped/>
  </testcase> <!-- login -->
  <testcase classname="demoTestng.TestScenario2" name="second_testcase" time="0.0">
    <ignored/>
  </testcase> <!-- second_testcase -->
  <testcase classname="demoTestng.TestScenario2" name="six_testcase" time="0.0">
    <ignored/>
  </testcase> <!-- six_testcase -->
  <testcase classname="demoTestng.TestScenario2" name="five_testcase" time="0.0">
    <ignored/>
  </testcase> <!-- five_testcase -->
</testsuite> <!-- Test(failed) -->
