<?xml version="1.0" encoding="UTF-8"?>
<testsuite name="Test"
           tests="6"
           failures="0"
           errors="0"
           skipped="0"
           time="0.008">
    <properties></properties>



            <testcase
                name="six_testcase"
                time="0.001"
                classname="demoTestng.TestScenario1">
            </testcase>
            <testcase
                name="third_testcase"
                time="0.002"
                classname="demoTestng.TestScenario1">
            </testcase>
            <testcase
                name="second_testcase"
                time="0.001"
                classname="demoTestng.TestScenario1">
            </testcase>
            <testcase
                name="five_testcase"
                time="0.001"
                classname="demoTestng.TestScenario1">
            </testcase>
            <testcase
                name="fourth_testcase"
                time="0.001"
                classname="demoTestng.TestScenario1">
            </testcase>
            <testcase
                name="first_testcase"
                time="0.002"
                classname="demoTestng.TestScenario1">
            </testcase>
</testsuite>
