<?xml version="1.0" encoding="UTF-8"?>
<testng-results ignored="0" total="3" passed="3" failed="0" skipped="0">
  <reporter-output>
  </reporter-output>
  <suite started-at="2026-06-25T23:29:27 EDT" name="Default suite" finished-at="2026-06-25T23:30:10 EDT" duration-ms="42890">
    <groups>
    </groups>
    <test started-at="2026-06-25T23:29:27 EDT" name="Default test" finished-at="2026-06-25T23:30:10 EDT" duration-ms="42890">
      <class name="org.wipro.automation.rediffmail.testcases.RegisterationScenario_DDF">
        <test-method is-config="true" signature="launchBrowser()[pri:0, instance:org.wipro.automation.rediffmail.testcases.RegisterationScenario_DDF@6150c3ec]" started-at="2026-06-25T23:29:27 EDT" name="launchBrowser" finished-at="2026-06-25T23:29:45 EDT" duration-ms="17396" status="PASS">
          <reporter-output>
          </reporter-output>
        </test-method> <!-- launchBrowser -->
        <test-method signature="tc02_validate_register_functionality_valid_data(java.lang.String,java.lang.String,java.lang.String)[pri:0, instance:org.wipro.automation.rediffmail.testcases.RegisterationScenario_DDF@6150c3ec]" started-at="2026-06-25T23:29:45 EDT" name="tc02_validate_register_functionality_valid_data" data-provider="Registration" finished-at="2026-06-25T23:29:50 EDT" duration-ms="5480" status="PASS">
          <params>
            <param index="0">
              <value>
                <![CDATA[John Seo]]>
              </value>
            </param>
            <param index="1">
              <value>
                <![CDATA[john.seo@rediffmail.com]]>
              </value>
            </param>
            <param index="2">
              <value>
                <![CDATA[04]]>
              </value>
            </param>
          </params>
          <reporter-output>
          </reporter-output>
        </test-method> <!-- tc02_validate_register_functionality_valid_data -->
        <test-method is-config="true" signature="closeBrowser()[pri:0, instance:org.wipro.automation.rediffmail.testcases.RegisterationScenario_DDF@6150c3ec]" started-at="2026-06-25T23:29:50 EDT" name="closeBrowser" finished-at="2026-06-25T23:29:50 EDT" duration-ms="106" status="PASS">
          <reporter-output>
          </reporter-output>
        </test-method> <!-- closeBrowser -->
        <test-method is-config="true" signature="launchBrowser()[pri:0, instance:org.wipro.automation.rediffmail.testcases.RegisterationScenario_DDF@6150c3ec]" started-at="2026-06-25T23:29:50 EDT" name="launchBrowser" finished-at="2026-06-25T23:29:54 EDT" duration-ms="3822" status="PASS">
          <reporter-output>
          </reporter-output>
        </test-method> <!-- launchBrowser -->
        <test-method signature="tc02_validate_register_functionality_valid_data(java.lang.String,java.lang.String,java.lang.String)[pri:0, instance:org.wipro.automation.rediffmail.testcases.RegisterationScenario_DDF@6150c3ec]" started-at="2026-06-25T23:29:54 EDT" name="tc02_validate_register_functionality_valid_data" data-provider="Registration" finished-at="2026-06-25T23:29:58 EDT" duration-ms="3982" status="PASS">
          <params>
            <param index="0">
              <value>
                <![CDATA[David Lee]]>
              </value>
            </param>
            <param index="1">
              <value>
                <![CDATA[david.lee@rediffmail.com]]>
              </value>
            </param>
            <param index="2">
              <value>
                <![CDATA[05]]>
              </value>
            </param>
          </params>
          <reporter-output>
          </reporter-output>
        </test-method> <!-- tc02_validate_register_functionality_valid_data -->
        <test-method is-config="true" signature="closeBrowser()[pri:0, instance:org.wipro.automation.rediffmail.testcases.RegisterationScenario_DDF@6150c3ec]" started-at="2026-06-25T23:29:58 EDT" name="closeBrowser" finished-at="2026-06-25T23:29:58 EDT" duration-ms="98" status="PASS">
          <reporter-output>
          </reporter-output>
        </test-method> <!-- closeBrowser -->
        <test-method is-config="true" signature="launchBrowser()[pri:0, instance:org.wipro.automation.rediffmail.testcases.RegisterationScenario_DDF@6150c3ec]" started-at="2026-06-25T23:29:58 EDT" name="launchBrowser" finished-at="2026-06-25T23:30:04 EDT" duration-ms="6126" status="PASS">
          <reporter-output>
          </reporter-output>
        </test-method> <!-- launchBrowser -->
        <test-method signature="tc02_validate_register_functionality_valid_data(java.lang.String,java.lang.String,java.lang.String)[pri:0, instance:org.wipro.automation.rediffmail.testcases.RegisterationScenario_DDF@6150c3ec]" started-at="2026-06-25T23:30:04 EDT" name="tc02_validate_register_functionality_valid_data" data-provider="Registration" finished-at="2026-06-25T23:30:10 EDT" duration-ms="5764" status="PASS">
          <params>
            <param index="0">
              <value>
                <![CDATA[Neena Shah]]>
              </value>
            </param>
            <param index="1">
              <value>
                <![CDATA[neena.shah@rediffmail.com]]>
              </value>
            </param>
            <param index="2">
              <value>
                <![CDATA[06]]>
              </value>
            </param>
          </params>
          <reporter-output>
          </reporter-output>
        </test-method> <!-- tc02_validate_register_functionality_valid_data -->
        <test-method is-config="true" signature="closeBrowser()[pri:0, instance:org.wipro.automation.rediffmail.testcases.RegisterationScenario_DDF@6150c3ec]" started-at="2026-06-25T23:30:10 EDT" name="closeBrowser" finished-at="2026-06-25T23:30:10 EDT" duration-ms="93" status="PASS">
          <reporter-output>
          </reporter-output>
        </test-method> <!-- closeBrowser -->
      </class> <!-- org.wipro.automation.rediffmail.testcases.RegisterationScenario_DDF -->
    </test> <!-- Default test -->
  </suite> <!-- Default suite -->
</testng-results>
