<?xml version="1.0" encoding="UTF-8"?>
<!-- Generated by org.testng.reporters.JUnitReportReporter -->
<testsuite hostname="abhilashas-MacBook-Pro.local" failures="0" tests="2" name="org.xyz.automation.testcases.HandleKeyboardMouse" time="9.360" errors="0" timestamp="2026-06-23T19:13:02 EDT" skipped="1">
  <testcase classname="org.xyz.automation.testcases.HandleKeyboardMouse" name="handleMouse" time="9.360"/>
  <testcase classname="org.xyz.automation.testcases.HandleKeyboardMouse" name="handleKeyboard">
    <skipped/>
  </testcase> <!-- handleKeyboard -->
</testsuite> <!-- org.xyz.automation.testcases.HandleKeyboardMouse -->
