<?xml version="1.0" encoding="UTF-8"?>
<!-- Generated by org.testng.reporters.JUnitReportReporter -->
<testsuite hostname="abhilashas-MacBook-Pro.local" failures="0" tests="3" name="org.wipro.automation.rediffmail.testcases.RegisterationScenario_DDF" time="42.867" errors="0" timestamp="2026-06-25T23:30:10 EDT" skipped="0">
  <testcase classname="org.wipro.automation.rediffmail.testcases.RegisterationScenario_DDF" name="tc02_validate_register_functionality_valid_data" time="22.982"/>
  <testcase classname="org.wipro.automation.rediffmail.testcases.RegisterationScenario_DDF" name="tc02_validate_register_functionality_valid_data" time="10.201"/>
  <testcase classname="org.wipro.automation.rediffmail.testcases.RegisterationScenario_DDF" name="tc02_validate_register_functionality_valid_data" time="9.684"/>
</testsuite> <!-- org.wipro.automation.rediffmail.testcases.RegisterationScenario_DDF -->
