<?xml version="1.0" encoding="UTF-8"?>
<!-- Generated by org.testng.reporters.JUnitReportReporter -->
<testsuite hostname="abhilashas-MacBook-Pro.local" failures="0" tests="6" name="demoTestng.TestScenario1" time="0.008" errors="0" timestamp="2026-06-23T19:13:02 EDT" skipped="0">
  <testcase classname="demoTestng.TestScenario1" name="six_testcase" time="0.001"/>
  <testcase classname="demoTestng.TestScenario1" name="five_testcase" time="0.001"/>
  <testcase classname="demoTestng.TestScenario1" name="fourth_testcase" time="0.001"/>
  <testcase classname="demoTestng.TestScenario1" name="first_testcase" time="0.002"/>
  <testcase classname="demoTestng.TestScenario1" name="third_testcase" time="0.002"/>
  <testcase classname="demoTestng.TestScenario1" name="second_testcase" time="0.001"/>
</testsuite> <!-- demoTestng.TestScenario1 -->
