<?xml version="1.0" encoding="UTF-8"?>
<!-- Generated by org.testng.reporters.JUnitReportReporter -->
<testsuite hostname="abhilashas-MacBook-Pro.local" failures="0" tests="1" name="org.wipro.automation.rediffmail.testcases.RegisterationScenario" time="8.392" errors="0" timestamp="2026-06-24T21:00:23 EDT" skipped="0">
  <testcase classname="org.wipro.automation.rediffmail.testcases.RegisterationScenario" name="tc02_validate_register_functionality_valid_data" time="8.392"/>
</testsuite> <!-- org.wipro.automation.rediffmail.testcases.RegisterationScenario -->
