<?xml version="1.0" encoding="UTF-8"?>
<!-- Generated by org.testng.reporters.JUnitReportReporter -->
<testsuite hostname="abhilashas-MacBook-Pro.local" failures="0" tests="3" name="org.wipro.automation.rediffmail.testcases.LoginScenario_DDF" time="14.233" errors="0" timestamp="2026-06-25T20:52:37 EDT" skipped="0">
  <testcase classname="org.wipro.automation.rediffmail.testcases.LoginScenario_DDF" name="tc01_validate_login_functionality_valid_credential" time="3.441"/>
  <testcase classname="org.wipro.automation.rediffmail.testcases.LoginScenario_DDF" name="tc01_validate_login_functionality_valid_credential" time="7.075"/>
  <testcase classname="org.wipro.automation.rediffmail.testcases.LoginScenario_DDF" name="tc01_validate_login_functionality_valid_credential" time="3.717"/>
</testsuite> <!-- org.wipro.automation.rediffmail.testcases.LoginScenario_DDF -->
