<?xml version="1.0" encoding="UTF-8"?>
<!-- Generated by org.testng.reporters.JUnitReportReporter -->
<testsuite hostname="abhilashas-MacBook-Pro.local" failures="0" tests="2" name="org.xyz.automation.testcases.HandleCalendar" time="20.944" errors="0" timestamp="2026-06-23T19:13:02 EDT" skipped="1">
  <testcase classname="org.xyz.automation.testcases.HandleCalendar" name="calender_icon" time="20.944"/>
  <testcase classname="org.xyz.automation.testcases.HandleCalendar" name="calender_textbox">
    <skipped/>
  </testcase> <!-- calender_textbox -->
</testsuite> <!-- org.xyz.automation.testcases.HandleCalendar -->
