<?xml version="1.0" encoding="UTF-8"?>
<!-- Generated by org.testng.reporters.JUnitReportReporter -->
<testsuite hostname="abhilashas-MacBook-Pro.local" failures="0" tests="1" name="org.wipro.automation.rediffmail.testcases.LoginScenario" time="12.202" errors="0" timestamp="2026-06-24T20:36:40 EDT" skipped="0">
  <testcase classname="org.wipro.automation.rediffmail.testcases.LoginScenario" name="tc01_validate_login_functionality_valid_credential" time="12.202"/>
</testsuite> <!-- org.wipro.automation.rediffmail.testcases.LoginScenario -->
