<?xml version="1.0" encoding="UTF-8"?>
<!-- Generated by org.testng.reporters.JUnitReportReporter -->
<testsuite hostname="abhilashas-MacBook-Pro.local" failures="0" tests="1" name="org.web.autopractice2.testcases.WebElementsPractice" time="2.316" errors="0" timestamp="2026-06-23T19:13:02 EDT" skipped="0">
  <testcase classname="org.web.autopractice2.testcases.WebElementsPractice" name="textFieldOperations" time="2.316"/>
</testsuite> <!-- org.web.autopractice2.testcases.WebElementsPractice -->
