<?xml version="1.0" encoding="UTF-8"?>
<!-- Generated by org.testng.reporters.JUnitReportReporter -->
<testsuite hostname="abhilashas-MacBook-Pro.local" failures="0" tests="2" name="org.xyz.automation.testcases.HandleAlertsWInFrames" time="3.333" errors="0" timestamp="2026-06-23T19:49:54 EDT" skipped="1">
  <testcase classname="org.xyz.automation.testcases.HandleAlertsWInFrames" name="handleFrames" time="3.333"/>
  <testcase classname="org.xyz.automation.testcases.HandleAlertsWInFrames" name="handleAlert">
    <skipped/>
  </testcase> <!-- handleAlert -->
</testsuite> <!-- org.xyz.automation.testcases.HandleAlertsWInFrames -->
