<?xml version="1.0" encoding="UTF-8"?>
<!-- Generated by org.testng.reporters.JUnitReportReporter -->
<testsuite hostname="abhilashas-MacBook-Pro.local" failures="0" tests="2" name="org.xyz.automation.testcases.FirstAutomation" time="9.493" errors="0" timestamp="2026-06-23T19:13:02 EDT" skipped="1">
  <testcase classname="org.xyz.automation.testcases.FirstAutomation" name="register_functionality" time="9.493"/>
  <testcase classname="org.xyz.automation.testcases.FirstAutomation" name="login_functionality">
    <skipped/>
  </testcase> <!-- login_functionality -->
</testsuite> <!-- org.xyz.automation.testcases.FirstAutomation -->
